<?xml version="1.0" encoding="UTF-8"?>
<!-- Generated by org.testng.reporters.JUnitXMLReporter -->
<testsuite ignored="5" hostname="LAPTOP-SCJRFP3V" failures="0" tests="1" name="Default test" time="7.889" errors="0" timestamp="2022-09-30T15:05:11 EDT">
  <testcase classname="ssfp.SSFPtestingpart2" name="searchfunction13" time="2.902"/>
  <testcase classname="ssfp.SSFPtestingpart2" name="searchfunction14" time="0.0">
    <ignored/>
  </testcase> <!-- searchfunction14 -->
  <testcase classname="ssfp.SSFPtestingpart2" name="searchfunction9" time="0.0">
    <ignored/>
  </testcase> <!-- searchfunction9 -->
  <testcase classname="ssfp.SSFPtestingpart2" name="searchfunction11" time="0.0">
    <ignored/>
  </testcase> <!-- searchfunction11 -->
  <testcase classname="ssfp.SSFPtestingpart2" name="searchfunction12" time="0.0">
    <ignored/>
  </testcase> <!-- searchfunction12 -->
  <testcase classname="ssfp.SSFPtestingpart2" name="searchfunction10" time="0.0">
    <ignored/>
  </testcase> <!-- searchfunction10 -->
</testsuite> <!-- Default test -->
