<?xml version="1.0" encoding="UTF-8"?>
<!-- Generated by org.testng.reporters.JUnitXMLReporter -->
<testsuite ignored="0" hostname="LAPTOP-SCJRFP3V" failures="1" tests="11" name="TestAMZ2" time="238.198" errors="0" timestamp="2022-09-30T15:17:28 EDT">
  <testcase classname="ssfp.SSFPtestingpart3" name="items" time="3.337"/>
  <testcase classname="ssfp.SSFPtestingpart3" name="search15" time="7.81"/>
  <testcase classname="ssfp.SSFPtestingpart3" name="search16" time="5.344"/>
  <testcase classname="ssfp.SSFPtestingpart3" name="search17" time="22.214"/>
  <testcase classname="ssfp.SSFPtestingpart3" name="search18" time="14.339"/>
  <testcase classname="ssfp.SSFPtestingpart3" name="search19" time="14.64"/>
  <testcase classname="ssfp.SSFPtestingpart3" name="search20" time="14.46"/>
  <testcase classname="ssfp.SSFPtestingpart3" name="search21" time="18.191"/>
  <testcase classname="ssfp.SSFPtestingpart3" name="search22" time="4.735">
    <failure type="java.lang.AssertionError" message="expected [true] but found [true]">
      <![CDATA[java.lang.AssertionError: expected [true] but found [true]
at ssfp.POMssfp.search22(POMssfp.java:446)
at ssfp.SSFPtestingpart3.search22(SSFPtestingpart3.java:61)
at java.base/java.util.ArrayList.forEach(ArrayList.java:1511)
... Removed 30 stack frames]]>
    </failure>
  </testcase> <!-- search22 -->
  <testcase classname="ssfp.SSFPtestingpart3" name="search23" time="25.534"/>
  <testcase classname="ssfp.SSFPtestingpart3" name="search24" time="3.441"/>
</testsuite> <!-- TestAMZ2 -->
